This is pdfTeX, Version 3.141592653-2.6-1.40.25 (MiKTeX 23.4) (preloaded format=pdflatex 2023.11.23)  28 NOV 2023 00:03
entering extended mode
 restricted \write18 enabled.
 file:line:error style messages enabled.
 %&-line parsing enabled.
**"d:/Deep Learning Book/TeX/tutorial/1/1.tex"
(d:/Deep Learning Book/TeX/tutorial/1/1.tex
LaTeX2e <2023-11-01>
L3 programming layer <2023-11-09>
(D:\MiKTeX\tex/latex/base\article.cls
Document Class: article 2023/05/17 v1.4n Standard LaTeX document class
(D:\MiKTeX\tex/latex/base\size10.clo
File: size10.clo 2023/05/17 v1.4n Standard LaTeX file (size option)
)
\c@part=\count186
\c@section=\count187
\c@subsection=\count188
\c@subsubsection=\count189
\c@paragraph=\count190
\c@subparagraph=\count191
\c@figure=\count192
\c@table=\count193
\abovecaptionskip=\skip48
\belowcaptionskip=\skip49
\bibindent=\dimen140
) (D:\MiKTeX\tex/latex/base\inputenc.sty
Package: inputenc 2021/02/14 v1.3d Input encoding file
\inpenc@prehook=\toks17
\inpenc@posthook=\toks18
) (D:\MiKTeX\tex/latex/jknappen\mathrsfs.sty
Package: mathrsfs 1996/01/01 Math RSFS package v1.0 (jk)
\symrsfs=\mathgroup4
) (D:\MiKTeX\tex/latex/boondox\boondox-cal.sty

LaTeX Warning: You have requested package `boondox-cal',
               but the package provides `BOONDOX-cal'.

Package: BOONDOX-cal 2017/02/25 v1.02 U/BOONDOX-cal
(D:\MiKTeX\tex/latex/xkeyval\xkeyval.sty
Package: xkeyval 2022/06/16 v2.9 package option processing (HA)
 (D:\MiKTeX\tex/generic/xkeyval\xkeyval.tex (D:\MiKTeX\tex/generic/xkeyval\xkvutils.tex
\XKV@toks=\toks19
\XKV@tempa@toks=\toks20
 (D:\MiKTeX\tex/generic/xkeyval\keyval.tex))
\XKV@depth=\count194
File: xkeyval.tex 2014/12/03 v2.7a key=value parser (HA)
))
LaTeX Font Info:    Redeclaring math alphabet \mathcal on input line 10.
LaTeX Font Info:    Overwriting math alphabet `\mathcal' in version `bold'
(Font)                  U/BOONDOX-cal/m/n --> U/BOONDOX-cal/b/n on input line 11.
) (D:\MiKTeX\tex/latex/amsmath\amsmath.sty
Package: amsmath 2023/05/13 v2.17o AMS math features
\@mathmargin=\skip50

For additional information on amsmath, use the `?' option.
(D:\MiKTeX\tex/latex/amsmath\amstext.sty
Package: amstext 2021/08/26 v2.01 AMS text
 (D:\MiKTeX\tex/latex/amsmath\amsgen.sty
File: amsgen.sty 1999/11/30 v2.0 generic functions
\@emptytoks=\toks21
\ex@=\dimen141
)) (D:\MiKTeX\tex/latex/amsmath\amsbsy.sty
Package: amsbsy 1999/11/29 v1.2d Bold Symbols
\pmbraise@=\dimen142
) (D:\MiKTeX\tex/latex/amsmath\amsopn.sty
Package: amsopn 2022/04/08 v2.04 operator names
)
\inf@bad=\count195
LaTeX Info: Redefining \frac on input line 234.
\uproot@=\count196
\leftroot@=\count197
LaTeX Info: Redefining \overline on input line 399.
LaTeX Info: Redefining \colon on input line 410.
\classnum@=\count198
\DOTSCASE@=\count199
LaTeX Info: Redefining \ldots on input line 496.
LaTeX Info: Redefining \dots on input line 499.
LaTeX Info: Redefining \cdots on input line 620.
\Mathstrutbox@=\box51
\strutbox@=\box52
LaTeX Info: Redefining \big on input line 722.
LaTeX Info: Redefining \Big on input line 723.
LaTeX Info: Redefining \bigg on input line 724.
LaTeX Info: Redefining \Bigg on input line 725.
\big@size=\dimen143
LaTeX Font Info:    Redeclaring font encoding OML on input line 743.
LaTeX Font Info:    Redeclaring font encoding OMS on input line 744.
\macc@depth=\count266
LaTeX Info: Redefining \bmod on input line 905.
LaTeX Info: Redefining \pmod on input line 910.
LaTeX Info: Redefining \smash on input line 940.
LaTeX Info: Redefining \relbar on input line 970.
LaTeX Info: Redefining \Relbar on input line 971.
\c@MaxMatrixCols=\count267
\dotsspace@=\muskip16
\c@parentequation=\count268
\dspbrk@lvl=\count269
\tag@help=\toks22
\row@=\count270
\column@=\count271
\maxfields@=\count272
\andhelp@=\toks23
\eqnshift@=\dimen144
\alignsep@=\dimen145
\tagshift@=\dimen146
\tagwidth@=\dimen147
\totwidth@=\dimen148
\lineht@=\dimen149
\@envbody=\toks24
\multlinegap=\skip51
\multlinetaggap=\skip52
\mathdisplay@stack=\toks25
LaTeX Info: Redefining \[ on input line 2953.
LaTeX Info: Redefining \] on input line 2954.
) (D:\MiKTeX\tex/latex/graphics\graphicx.sty
Package: graphicx 2021/09/16 v1.2d Enhanced LaTeX Graphics (DPC,SPQR)
 (D:\MiKTeX\tex/latex/graphics\graphics.sty
Package: graphics 2022/03/10 v1.4e Standard LaTeX Graphics (DPC,SPQR)
 (D:\MiKTeX\tex/latex/graphics\trig.sty
Package: trig 2021/08/11 v1.11 sin cos tan (DPC)
) (D:\MiKTeX\tex/latex/graphics-cfg\graphics.cfg
File: graphics.cfg 2016/06/04 v1.11 sample graphics configuration
)
Package graphics Info: Driver file: pdftex.def on input line 107.
 (D:\MiKTeX\tex/latex/graphics-def\pdftex.def
File: pdftex.def 2022/09/22 v1.2b Graphics/color driver for pdftex
))
\Gin@req@height=\dimen150
\Gin@req@width=\dimen151
) (D:\MiKTeX\tex/latex/l3backend\l3backend-pdftex.def
File: l3backend-pdftex.def 2023-11-09 L3 backend support: PDF output (pdfTeX)
\l__color_backend_stack_int=\count273
\l__pdf_internal_box=\box53
) (1.aux)
\openout1 = `1.aux'.

LaTeX Font Info:    Checking defaults for OML/cmm/m/it on input line 16.
LaTeX Font Info:    ... okay on input line 16.
LaTeX Font Info:    Checking defaults for OMS/cmsy/m/n on input line 16.
LaTeX Font Info:    ... okay on input line 16.
LaTeX Font Info:    Checking defaults for OT1/cmr/m/n on input line 16.
LaTeX Font Info:    ... okay on input line 16.
LaTeX Font Info:    Checking defaults for T1/cmr/m/n on input line 16.
LaTeX Font Info:    ... okay on input line 16.
LaTeX Font Info:    Checking defaults for TS1/cmr/m/n on input line 16.
LaTeX Font Info:    ... okay on input line 16.
LaTeX Font Info:    Checking defaults for OMX/cmex/m/n on input line 16.
LaTeX Font Info:    ... okay on input line 16.
LaTeX Font Info:    Checking defaults for U/cmr/m/n on input line 16.
LaTeX Font Info:    ... okay on input line 16.
 (D:\MiKTeX\tex/context/base/mkii\supp-pdf.mkii
[Loading MPS to PDF converter (version 2006.09.02).]
\scratchcounter=\count274
\scratchdimen=\dimen152
\scratchbox=\box54
\nofMPsegments=\count275
\nofMParguments=\count276
\everyMPshowfont=\toks26
\MPscratchCnt=\count277
\MPscratchDim=\dimen153
\MPnumerator=\count278
\makeMPintoPDFobject=\count279
\everyMPtoPDFconversion=\toks27
) (D:\MiKTeX\tex/latex/epstopdf-pkg\epstopdf-base.sty
Package: epstopdf-base 2020-01-24 v2.11 Base part for package epstopdf
Package epstopdf-base Info: Redefining graphics rule for `.eps' on input line 485.
 (D:\MiKTeX\tex/latex/00miktex\epstopdf-sys.cfg
File: epstopdf-sys.cfg 2021/03/18 v2.0 Configuration of epstopdf for MiKTeX
))
LaTeX Font Info:    Trying to load font information for U+rsfs on input line 17.
 (D:\MiKTeX\tex/latex/jknappen\ursfs.fd
File: ursfs.fd 1998/03/24 rsfs font definition file (jk)
)
LaTeX Font Info:    Trying to load font information for U+BOONDOX-cal on input line 24.
 (D:\MiKTeX\tex/latex/boondox\uboondox-cal.fd
File: uboondox-cal.fd 2011/04/26 Fontinst v1.933 font definitions for U/BOONDOX-cal.
)
LaTeX Font Info:    Font shape `U/BOONDOX-cal/m/n' will be
(Font)              scaled to size 10.0pt on input line 24.
LaTeX Font Info:    Font shape `U/BOONDOX-cal/m/n' will be
(Font)              scaled to size 7.0pt on input line 24.
LaTeX Font Info:    Font shape `U/BOONDOX-cal/m/n' will be
(Font)              scaled to size 5.0pt on input line 24.
LaTeX Font Info:    Font shape `U/BOONDOX-cal/m/n' will be
(Font)              scaled to size 12.0pt on input line 35.
LaTeX Font Info:    Font shape `U/BOONDOX-cal/m/n' will be
(Font)              scaled to size 8.0pt on input line 35.
LaTeX Font Info:    Font shape `U/BOONDOX-cal/m/n' will be
(Font)              scaled to size 6.0pt on input line 35.
 [1

{C:/Users/ACER/AppData/Local/MiKTeX/fonts/map/pdftex/pdftex.map}]
<ANN.png, id=21, 1519.6775pt x 1103.12125pt>
File: ANN.png Graphic file (type png)
<use ANN.png>
Package pdftex.def Info: ANN.png  used on input line 87.
(pdftex.def)             Requested size: 303.93011pt x 220.62033pt.
 [2] [3 <./ANN.png>] (1.aux)
 ***********
LaTeX2e <2023-11-01>
L3 programming layer <2023-11-09>
 ***********
 ) 
Here is how much of TeX's memory you used:
 2339 strings out of 474587
 34948 string characters out of 5762111
 1932558 words of memory out of 5000000
 24509 multiletter control sequences out of 15000+600000
 566347 words of font info for 68 fonts, out of 8000000 for 9000
 1141 hyphenation exceptions out of 8191
 57i,7n,65p,270b,213s stack positions out of 10000i,1000n,20000p,200000b,200000s
 <C:\Users\ACER\AppData\Local\MiKTeX\fonts/pk/ljfour/jknappen/ec/dpi600\tcrm1000.pk><D:/MiKTeX/fonts/type1/public/amsfonts/cm/cmbx12.pfb><D:/MiKTeX/fonts/type1/public/amsfonts/cm/cmex10.pfb><D:/MiKTeX/fonts/type1/public/amsfonts/cm/cmmi10.pfb><D:/MiKTeX/fonts/type1/public/amsfonts/cm/cmmi12.pfb><D:/MiKTeX/fonts/type1/public/amsfonts/cm/cmmi5.pfb><D:/MiKTeX/fonts/type1/public/amsfonts/cm/cmmi7.pfb><D:/MiKTeX/fonts/type1/public/amsfonts/cm/cmmi8.pfb><D:/MiKTeX/fonts/type1/public/amsfonts/cm/cmr10.pfb><D:/MiKTeX/fonts/type1/public/amsfonts/cm/cmr12.pfb><D:/MiKTeX/fonts/type1/public/amsfonts/cm/cmr17.pfb><D:/MiKTeX/fonts/type1/public/amsfonts/cm/cmr5.pfb><D:/MiKTeX/fonts/type1/public/amsfonts/cm/cmr7.pfb><D:/MiKTeX/fonts/type1/public/amsfonts/cm/cmsy10.pfb><D:/MiKTeX/fonts/type1/public/amsfonts/cm/cmsy7.pfb><D:/MiKTeX/fonts/type1/public/boondox/zxxrw8a.pfb>
Output written on 1.pdf (3 pages, 298999 bytes).
PDF statistics:
 96 PDF objects out of 1000 (max. 8388607)
 0 named destinations out of 1000 (max. 500000)
 6 words of extra memory for PDF output out of 10000 (max. 10000000)

